-------------------------------------------------------------------------------
Test set: com.fii.taip.msn.extapi.FacebookConnectorTest
-------------------------------------------------------------------------------
Tests run: 3, Failures: 0, Errors: 3, Skipped: 0, Time elapsed: 0.916 sec <<< FAILURE!
expectUserDetails(com.fii.taip.msn.extapi.FacebookConnectorTest)  Time elapsed: 0.709 sec  <<< ERROR!
com.restfb.exception.FacebookOAuthException: Received Facebook error response of type OAuthException: Error validating access token: The session is invalid because the user logged out. (code 190, subcode 467)
	at com.restfb.DefaultFacebookClient$DefaultGraphFacebookExceptionMapper.exceptionForTypeAndMessage(DefaultFacebookClient.java:1050)
	at com.restfb.DefaultFacebookClient.throwFacebookResponseStatusExceptionIfNecessary(DefaultFacebookClient.java:967)
	at com.restfb.DefaultFacebookClient.makeRequestAndProcessResponse(DefaultFacebookClient.java:900)
	at com.restfb.DefaultFacebookClient.makeRequest(DefaultFacebookClient.java:841)
	at com.restfb.DefaultFacebookClient.makeRequest(DefaultFacebookClient.java:805)
	at com.restfb.DefaultFacebookClient.fetchObject(DefaultFacebookClient.java:371)
	at com.fii.taip.msn.extapi.FacebookConnector.GetUserDetails(FacebookConnector.java:30)
	at com.fii.taip.msn.extapi.FacebookConnectorTest.expectUserDetails(FacebookConnectorTest.java:15)
	at sun.reflect.NativeMethodAccessorImpl.invoke0(Native Method)
	at sun.reflect.NativeMethodAccessorImpl.invoke(NativeMethodAccessorImpl.java:57)
	at sun.reflect.DelegatingMethodAccessorImpl.invoke(DelegatingMethodAccessorImpl.java:43)
	at java.lang.reflect.Method.invoke(Method.java:606)
	at org.junit.runners.model.FrameworkMethod$1.runReflectiveCall(FrameworkMethod.java:44)
	at org.junit.internal.runners.model.ReflectiveCallable.run(ReflectiveCallable.java:15)
	at org.junit.runners.model.FrameworkMethod.invokeExplosively(FrameworkMethod.java:41)
	at org.junit.internal.runners.statements.InvokeMethod.evaluate(InvokeMethod.java:20)
	at org.junit.runners.BlockJUnit4ClassRunner.runChild(BlockJUnit4ClassRunner.java:76)
	at org.junit.runners.BlockJUnit4ClassRunner.runChild(BlockJUnit4ClassRunner.java:50)
	at org.junit.runners.ParentRunner$3.run(ParentRunner.java:193)
	at org.junit.runners.ParentRunner$1.schedule(ParentRunner.java:52)
	at org.junit.runners.ParentRunner.runChildren(ParentRunner.java:191)
	at org.junit.runners.ParentRunner.access$000(ParentRunner.java:42)
	at org.junit.runners.ParentRunner$2.evaluate(ParentRunner.java:184)
	at org.junit.runners.ParentRunner.run(ParentRunner.java:236)
	at org.apache.maven.surefire.junit4.JUnit4Provider.execute(JUnit4Provider.java:252)
	at org.apache.maven.surefire.junit4.JUnit4Provider.executeTestSet(JUnit4Provider.java:141)
	at org.apache.maven.surefire.junit4.JUnit4Provider.invoke(JUnit4Provider.java:112)
	at sun.reflect.NativeMethodAccessorImpl.invoke0(Native Method)
	at sun.reflect.NativeMethodAccessorImpl.invoke(NativeMethodAccessorImpl.java:57)
	at sun.reflect.DelegatingMethodAccessorImpl.invoke(DelegatingMethodAccessorImpl.java:43)
	at java.lang.reflect.Method.invoke(Method.java:606)
	at org.apache.maven.surefire.util.ReflectionUtils.invokeMethodWithArray(ReflectionUtils.java:189)
	at org.apache.maven.surefire.booter.ProviderFactory$ProviderProxy.invoke(ProviderFactory.java:165)
	at org.apache.maven.surefire.booter.ProviderFactory.invokeProvider(ProviderFactory.java:85)
	at org.apache.maven.surefire.booter.ForkedBooter.runSuitesInProcess(ForkedBooter.java:115)
	at org.apache.maven.surefire.booter.ForkedBooter.main(ForkedBooter.java:75)

expectUserInbox(com.fii.taip.msn.extapi.FacebookConnectorTest)  Time elapsed: 0.106 sec  <<< ERROR!
com.restfb.exception.FacebookOAuthException: Received Facebook error response of type OAuthException: Error validating access token: This may be because the user logged out or may be due to a system error. (code 190, subcode 467)
	at com.restfb.DefaultFacebookClient$DefaultGraphFacebookExceptionMapper.exceptionForTypeAndMessage(DefaultFacebookClient.java:1050)
	at com.restfb.DefaultFacebookClient.throwFacebookResponseStatusExceptionIfNecessary(DefaultFacebookClient.java:967)
	at com.restfb.DefaultFacebookClient.makeRequestAndProcessResponse(DefaultFacebookClient.java:900)
	at com.restfb.DefaultFacebookClient.makeRequest(DefaultFacebookClient.java:841)
	at com.restfb.DefaultFacebookClient.makeRequest(DefaultFacebookClient.java:805)
	at com.restfb.DefaultFacebookClient.fetchConnection(DefaultFacebookClient.java:336)
	at com.fii.taip.msn.extapi.FacebookConnector.GetUserInbox(FacebookConnector.java:24)
	at com.fii.taip.msn.extapi.FacebookConnectorTest.expectUserInbox(FacebookConnectorTest.java:21)
	at sun.reflect.NativeMethodAccessorImpl.invoke0(Native Method)
	at sun.reflect.NativeMethodAccessorImpl.invoke(NativeMethodAccessorImpl.java:57)
	at sun.reflect.DelegatingMethodAccessorImpl.invoke(DelegatingMethodAccessorImpl.java:43)
	at java.lang.reflect.Method.invoke(Method.java:606)
	at org.junit.runners.model.FrameworkMethod$1.runReflectiveCall(FrameworkMethod.java:44)
	at org.junit.internal.runners.model.ReflectiveCallable.run(ReflectiveCallable.java:15)
	at org.junit.runners.model.FrameworkMethod.invokeExplosively(FrameworkMethod.java:41)
	at org.junit.internal.runners.statements.InvokeMethod.evaluate(InvokeMethod.java:20)
	at org.junit.runners.BlockJUnit4ClassRunner.runChild(BlockJUnit4ClassRunner.java:76)
	at org.junit.runners.BlockJUnit4ClassRunner.runChild(BlockJUnit4ClassRunner.java:50)
	at org.junit.runners.ParentRunner$3.run(ParentRunner.java:193)
	at org.junit.runners.ParentRunner$1.schedule(ParentRunner.java:52)
	at org.junit.runners.ParentRunner.runChildren(ParentRunner.java:191)
	at org.junit.runners.ParentRunner.access$000(ParentRunner.java:42)
	at org.junit.runners.ParentRunner$2.evaluate(ParentRunner.java:184)
	at org.junit.runners.ParentRunner.run(ParentRunner.java:236)
	at org.apache.maven.surefire.junit4.JUnit4Provider.execute(JUnit4Provider.java:252)
	at org.apache.maven.surefire.junit4.JUnit4Provider.executeTestSet(JUnit4Provider.java:141)
	at org.apache.maven.surefire.junit4.JUnit4Provider.invoke(JUnit4Provider.java:112)
	at sun.reflect.NativeMethodAccessorImpl.invoke0(Native Method)
	at sun.reflect.NativeMethodAccessorImpl.invoke(NativeMethodAccessorImpl.java:57)
	at sun.reflect.DelegatingMethodAccessorImpl.invoke(DelegatingMethodAccessorImpl.java:43)
	at java.lang.reflect.Method.invoke(Method.java:606)
	at org.apache.maven.surefire.util.ReflectionUtils.invokeMethodWithArray(ReflectionUtils.java:189)
	at org.apache.maven.surefire.booter.ProviderFactory$ProviderProxy.invoke(ProviderFactory.java:165)
	at org.apache.maven.surefire.booter.ProviderFactory.invokeProvider(ProviderFactory.java:85)
	at org.apache.maven.surefire.booter.ForkedBooter.runSuitesInProcess(ForkedBooter.java:115)
	at org.apache.maven.surefire.booter.ForkedBooter.main(ForkedBooter.java:75)

expectUserFriends(com.fii.taip.msn.extapi.FacebookConnectorTest)  Time elapsed: 0.099 sec  <<< ERROR!
com.restfb.exception.FacebookOAuthException: Received Facebook error response of type OAuthException: Error validating access token: This may be because the user logged out or may be due to a system error. (code 190, subcode 467)
	at com.restfb.DefaultFacebookClient$DefaultGraphFacebookExceptionMapper.exceptionForTypeAndMessage(DefaultFacebookClient.java:1050)
	at com.restfb.DefaultFacebookClient.throwFacebookResponseStatusExceptionIfNecessary(DefaultFacebookClient.java:967)
	at com.restfb.DefaultFacebookClient.makeRequestAndProcessResponse(DefaultFacebookClient.java:900)
	at com.restfb.DefaultFacebookClient.makeRequest(DefaultFacebookClient.java:841)
	at com.restfb.DefaultFacebookClient.makeRequest(DefaultFacebookClient.java:805)
	at com.restfb.DefaultFacebookClient.fetchConnection(DefaultFacebookClient.java:336)
	at com.fii.taip.msn.extapi.FacebookConnector.GetUserFriends(FacebookConnector.java:18)
	at com.fii.taip.msn.extapi.FacebookConnectorTest.expectUserFriends(FacebookConnectorTest.java:27)
	at sun.reflect.NativeMethodAccessorImpl.invoke0(Native Method)
	at sun.reflect.NativeMethodAccessorImpl.invoke(NativeMethodAccessorImpl.java:57)
	at sun.reflect.DelegatingMethodAccessorImpl.invoke(DelegatingMethodAccessorImpl.java:43)
	at java.lang.reflect.Method.invoke(Method.java:606)
	at org.junit.runners.model.FrameworkMethod$1.runReflectiveCall(FrameworkMethod.java:44)
	at org.junit.internal.runners.model.ReflectiveCallable.run(ReflectiveCallable.java:15)
	at org.junit.runners.model.FrameworkMethod.invokeExplosively(FrameworkMethod.java:41)
	at org.junit.internal.runners.statements.InvokeMethod.evaluate(InvokeMethod.java:20)
	at org.junit.runners.BlockJUnit4ClassRunner.runChild(BlockJUnit4ClassRunner.java:76)
	at org.junit.runners.BlockJUnit4ClassRunner.runChild(BlockJUnit4ClassRunner.java:50)
	at org.junit.runners.ParentRunner$3.run(ParentRunner.java:193)
	at org.junit.runners.ParentRunner$1.schedule(ParentRunner.java:52)
	at org.junit.runners.ParentRunner.runChildren(ParentRunner.java:191)
	at org.junit.runners.ParentRunner.access$000(ParentRunner.java:42)
	at org.junit.runners.ParentRunner$2.evaluate(ParentRunner.java:184)
	at org.junit.runners.ParentRunner.run(ParentRunner.java:236)
	at org.apache.maven.surefire.junit4.JUnit4Provider.execute(JUnit4Provider.java:252)
	at org.apache.maven.surefire.junit4.JUnit4Provider.executeTestSet(JUnit4Provider.java:141)
	at org.apache.maven.surefire.junit4.JUnit4Provider.invoke(JUnit4Provider.java:112)
	at sun.reflect.NativeMethodAccessorImpl.invoke0(Native Method)
	at sun.reflect.NativeMethodAccessorImpl.invoke(NativeMethodAccessorImpl.java:57)
	at sun.reflect.DelegatingMethodAccessorImpl.invoke(DelegatingMethodAccessorImpl.java:43)
	at java.lang.reflect.Method.invoke(Method.java:606)
	at org.apache.maven.surefire.util.ReflectionUtils.invokeMethodWithArray(ReflectionUtils.java:189)
	at org.apache.maven.surefire.booter.ProviderFactory$ProviderProxy.invoke(ProviderFactory.java:165)
	at org.apache.maven.surefire.booter.ProviderFactory.invokeProvider(ProviderFactory.java:85)
	at org.apache.maven.surefire.booter.ForkedBooter.runSuitesInProcess(ForkedBooter.java:115)
	at org.apache.maven.surefire.booter.ForkedBooter.main(ForkedBooter.java:75)

